Determining if the pthread_create exist failed with the following output:
Change Dir: /home/team2/catkin_ws/build/CMakeFiles/CMakeTmp

Run Build Command:"/usr/bin/make" "cmTC_09a19/fast"
/usr/bin/make -f CMakeFiles/cmTC_09a19.dir/build.make CMakeFiles/cmTC_09a19.dir/build
make[1]: Entering directory '/home/team2/catkin_ws/build/CMakeFiles/CMakeTmp'
Building C object CMakeFiles/cmTC_09a19.dir/CheckSymbolExists.c.o
/usr/bin/cc    -o CMakeFiles/cmTC_09a19.dir/CheckSymbolExists.c.o   -c /home/team2/catkin_ws/build/CMakeFiles/CMakeTmp/CheckSymbolExists.c
Linking C executable cmTC_09a19
/usr/bin/cmake -E cmake_link_script CMakeFiles/cmTC_09a19.dir/link.txt --verbose=1
/usr/bin/cc      -rdynamic CMakeFiles/cmTC_09a19.dir/CheckSymbolExists.c.o  -o cmTC_09a19 
CMakeFiles/cmTC_09a19.dir/CheckSymbolExists.c.o: In function `main':
CheckSymbolExists.c:(.text+0x14): undefined reference to `pthread_create'
CheckSymbolExists.c:(.text+0x18): undefined reference to `pthread_create'
collect2: error: ld returned 1 exit status
CMakeFiles/cmTC_09a19.dir/build.make:97: recipe for target 'cmTC_09a19' failed
make[1]: *** [cmTC_09a19] Error 1
make[1]: Leaving directory '/home/team2/catkin_ws/build/CMakeFiles/CMakeTmp'
Makefile:126: recipe for target 'cmTC_09a19/fast' failed
make: *** [cmTC_09a19/fast] Error 2

File /home/team2/catkin_ws/build/CMakeFiles/CMakeTmp/CheckSymbolExists.c:
/* */
#include <pthread.h>

int main(int argc, char** argv)
{
  (void)argv;
#ifndef pthread_create
  return ((int*)(&pthread_create))[argc];
#else
  (void)argc;
  return 0;
#endif
}

Determining if the function pthread_create exists in the pthreads failed with the following output:
Change Dir: /home/team2/catkin_ws/build/CMakeFiles/CMakeTmp

Run Build Command:"/usr/bin/make" "cmTC_52c04/fast"
/usr/bin/make -f CMakeFiles/cmTC_52c04.dir/build.make CMakeFiles/cmTC_52c04.dir/build
make[1]: Entering directory '/home/team2/catkin_ws/build/CMakeFiles/CMakeTmp'
Building C object CMakeFiles/cmTC_52c04.dir/CheckFunctionExists.c.o
/usr/bin/cc   -DCHECK_FUNCTION_EXISTS=pthread_create   -o CMakeFiles/cmTC_52c04.dir/CheckFunctionExists.c.o   -c /usr/share/cmake-3.10/Modules/CheckFunctionExists.c
Linking C executable cmTC_52c04
/usr/bin/cmake -E cmake_link_script CMakeFiles/cmTC_52c04.dir/link.txt --verbose=1
/usr/bin/cc  -DCHECK_FUNCTION_EXISTS=pthread_create    -rdynamic CMakeFiles/cmTC_52c04.dir/CheckFunctionExists.c.o  -o cmTC_52c04 -lpthreads 
/usr/bin/ld: cannot find -lpthreads
collect2: error: ld returned 1 exit status
CMakeFiles/cmTC_52c04.dir/build.make:97: recipe for target 'cmTC_52c04' failed
make[1]: *** [cmTC_52c04] Error 1
make[1]: Leaving directory '/home/team2/catkin_ws/build/CMakeFiles/CMakeTmp'
Makefile:126: recipe for target 'cmTC_52c04/fast' failed
make: *** [cmTC_52c04/fast] Error 2


Determining if the Q_WS_WIN exist failed with the following output:
Change Dir: /home/team2/catkin_ws/build/CMakeFiles/CMakeTmp

Run Build Command:"/usr/bin/make" "cmTC_44167/fast"
/usr/bin/make -f CMakeFiles/cmTC_44167.dir/build.make CMakeFiles/cmTC_44167.dir/build
make[1]: Entering directory '/home/team2/catkin_ws/build/CMakeFiles/CMakeTmp'
Building CXX object CMakeFiles/cmTC_44167.dir/CheckSymbolExists.cxx.o
/usr/bin/c++   -I/usr/include/qt4   -o CMakeFiles/cmTC_44167.dir/CheckSymbolExists.cxx.o -c /home/team2/catkin_ws/build/CMakeFiles/CMakeTmp/CheckSymbolExists.cxx
/home/team2/catkin_ws/build/CMakeFiles/CMakeTmp/CheckSymbolExists.cxx: In function ‘int main(int, char**)’:
/home/team2/catkin_ws/build/CMakeFiles/CMakeTmp/CheckSymbolExists.cxx:8:19: error: ‘Q_WS_WIN’ was not declared in this scope
   return ((int*)(&Q_WS_WIN))[argc];
                   ^~~~~~~~
/home/team2/catkin_ws/build/CMakeFiles/CMakeTmp/CheckSymbolExists.cxx:8:19: note: suggested alternative: ‘Q_WS_X11’
   return ((int*)(&Q_WS_WIN))[argc];
                   ^~~~~~~~
                   Q_WS_X11
CMakeFiles/cmTC_44167.dir/build.make:65: recipe for target 'CMakeFiles/cmTC_44167.dir/CheckSymbolExists.cxx.o' failed
make[1]: *** [CMakeFiles/cmTC_44167.dir/CheckSymbolExists.cxx.o] Error 1
make[1]: Leaving directory '/home/team2/catkin_ws/build/CMakeFiles/CMakeTmp'
Makefile:126: recipe for target 'cmTC_44167/fast' failed
make: *** [cmTC_44167/fast] Error 2

File /home/team2/catkin_ws/build/CMakeFiles/CMakeTmp/CheckSymbolExists.cxx:
/* */
#include <QtCore/qglobal.h>

int main(int argc, char** argv)
{
  (void)argv;
#ifndef Q_WS_WIN
  return ((int*)(&Q_WS_WIN))[argc];
#else
  (void)argc;
  return 0;
#endif
}

Determining if the Q_WS_QWS exist failed with the following output:
Change Dir: /home/team2/catkin_ws/build/CMakeFiles/CMakeTmp

Run Build Command:"/usr/bin/make" "cmTC_2fa91/fast"
/usr/bin/make -f CMakeFiles/cmTC_2fa91.dir/build.make CMakeFiles/cmTC_2fa91.dir/build
make[1]: Entering directory '/home/team2/catkin_ws/build/CMakeFiles/CMakeTmp'
Building CXX object CMakeFiles/cmTC_2fa91.dir/CheckSymbolExists.cxx.o
/usr/bin/c++   -I/usr/include/qt4   -o CMakeFiles/cmTC_2fa91.dir/CheckSymbolExists.cxx.o -c /home/team2/catkin_ws/build/CMakeFiles/CMakeTmp/CheckSymbolExists.cxx
/home/team2/catkin_ws/build/CMakeFiles/CMakeTmp/CheckSymbolExists.cxx: In function ‘int main(int, char**)’:
/home/team2/catkin_ws/build/CMakeFiles/CMakeTmp/CheckSymbolExists.cxx:8:19: error: ‘Q_WS_QWS’ was not declared in this scope
   return ((int*)(&Q_WS_QWS))[argc];
                   ^~~~~~~~
/home/team2/catkin_ws/build/CMakeFiles/CMakeTmp/CheckSymbolExists.cxx:8:19: note: suggested alternative: ‘Q_WS_X11’
   return ((int*)(&Q_WS_QWS))[argc];
                   ^~~~~~~~
                   Q_WS_X11
CMakeFiles/cmTC_2fa91.dir/build.make:65: recipe for target 'CMakeFiles/cmTC_2fa91.dir/CheckSymbolExists.cxx.o' failed
make[1]: *** [CMakeFiles/cmTC_2fa91.dir/CheckSymbolExists.cxx.o] Error 1
make[1]: Leaving directory '/home/team2/catkin_ws/build/CMakeFiles/CMakeTmp'
Makefile:126: recipe for target 'cmTC_2fa91/fast' failed
make: *** [cmTC_2fa91/fast] Error 2

File /home/team2/catkin_ws/build/CMakeFiles/CMakeTmp/CheckSymbolExists.cxx:
/* */
#include <QtCore/qglobal.h>

int main(int argc, char** argv)
{
  (void)argv;
#ifndef Q_WS_QWS
  return ((int*)(&Q_WS_QWS))[argc];
#else
  (void)argc;
  return 0;
#endif
}

Determining if the Q_WS_MAC exist failed with the following output:
Change Dir: /home/team2/catkin_ws/build/CMakeFiles/CMakeTmp

Run Build Command:"/usr/bin/make" "cmTC_6d953/fast"
/usr/bin/make -f CMakeFiles/cmTC_6d953.dir/build.make CMakeFiles/cmTC_6d953.dir/build
make[1]: Entering directory '/home/team2/catkin_ws/build/CMakeFiles/CMakeTmp'
Building CXX object CMakeFiles/cmTC_6d953.dir/CheckSymbolExists.cxx.o
/usr/bin/c++   -I/usr/include/qt4   -o CMakeFiles/cmTC_6d953.dir/CheckSymbolExists.cxx.o -c /home/team2/catkin_ws/build/CMakeFiles/CMakeTmp/CheckSymbolExists.cxx
/home/team2/catkin_ws/build/CMakeFiles/CMakeTmp/CheckSymbolExists.cxx: In function ‘int main(int, char**)’:
/home/team2/catkin_ws/build/CMakeFiles/CMakeTmp/CheckSymbolExists.cxx:8:19: error: ‘Q_WS_MAC’ was not declared in this scope
   return ((int*)(&Q_WS_MAC))[argc];
                   ^~~~~~~~
/home/team2/catkin_ws/build/CMakeFiles/CMakeTmp/CheckSymbolExists.cxx:8:19: note: suggested alternative: ‘Q_WS_X11’
   return ((int*)(&Q_WS_MAC))[argc];
                   ^~~~~~~~
                   Q_WS_X11
CMakeFiles/cmTC_6d953.dir/build.make:65: recipe for target 'CMakeFiles/cmTC_6d953.dir/CheckSymbolExists.cxx.o' failed
make[1]: *** [CMakeFiles/cmTC_6d953.dir/CheckSymbolExists.cxx.o] Error 1
make[1]: Leaving directory '/home/team2/catkin_ws/build/CMakeFiles/CMakeTmp'
Makefile:126: recipe for target 'cmTC_6d953/fast' failed
make: *** [cmTC_6d953/fast] Error 2

File /home/team2/catkin_ws/build/CMakeFiles/CMakeTmp/CheckSymbolExists.cxx:
/* */
#include <QtCore/qglobal.h>

int main(int argc, char** argv)
{
  (void)argv;
#ifndef Q_WS_MAC
  return ((int*)(&Q_WS_MAC))[argc];
#else
  (void)argc;
  return 0;
#endif
}

